[22:34:13] [Server thread/INFO]: Starting minecraft server version 1.12.2
[22:34:13] [Server thread/INFO]: Loading properties
[22:34:13] [Server thread/INFO]: Default game type: SURVIVAL
[22:34:14] [Server thread/INFO]: This server is running Paper version git-Paper-1618 (MC: 1.12.2) (Implementing API version 1.12.2-R0.1-SNAPSHOT)
[22:34:14] [Server thread/INFO]: Debug logging is disabled
[22:34:14] [Server thread/INFO]: Server Ping Player Sample Count: 12
[22:34:14] [Server thread/INFO]: Using 4 threads for Netty based IO
[22:34:14] [Server thread/INFO]: Generating keypair
[22:34:14] [Server thread/INFO]: Starting Minecraft server on 192.168.0.20:25565
[22:34:14] [Server thread/INFO]: Using default channel type
[22:34:14] [Server thread/INFO]: Server permissions file permissions.yml is empty, ignoring it
[22:34:14] [Server thread/INFO]: **** Beginning UUID conversion, this may take A LONG time ****
[22:34:14] [Server thread/INFO]: Preparing level "..\rlcraft\saves\Hell\hell"
[22:34:14] [Server thread/INFO]: -------- World Settings For [..\rlcraft\saves\Hell\hell] --------
[22:34:14] [Server thread/INFO]: Item Despawn Rate: 6000
[22:34:14] [Server thread/INFO]: Item Merge Radius: 2.5
[22:34:14] [Server thread/INFO]: View Distance: 6
[22:34:14] [Server thread/INFO]: Arrow Despawn Rate: 1200
[22:34:14] [Server thread/INFO]: Allow Zombie Pigmen to spawn from portal blocks: true
[22:34:14] [Server thread/INFO]: Zombie Aggressive Towards Villager: true
[22:34:14] [Server thread/INFO]: Nerfing mobs spawned from spawners: false
[22:34:14] [Server thread/INFO]: Custom Map Seeds:  Village: 10387312 Feature: 14357617 Monument: 10387313 Slime: 987234911
[22:34:14] [Server thread/INFO]: Experience Merge Radius: 3.0
[22:34:14] [Server thread/INFO]: Cactus Growth Modifier: 100%
[22:34:14] [Server thread/INFO]: Cane Growth Modifier: 100%
[22:34:14] [Server thread/INFO]: Melon Growth Modifier: 100%
[22:34:14] [Server thread/INFO]: Mushroom Growth Modifier: 100%
[22:34:14] [Server thread/INFO]: Pumpkin Growth Modifier: 100%
[22:34:14] [Server thread/INFO]: Sapling Growth Modifier: 100%
[22:34:14] [Server thread/INFO]: Wheat Growth Modifier: 100%
[22:34:14] [Server thread/INFO]: NetherWart Growth Modifier: 100%
[22:34:14] [Server thread/INFO]: Vine Growth Modifier: 100%
[22:34:14] [Server thread/INFO]: Cocoa Growth Modifier: 100%
[22:34:14] [Server thread/INFO]: Entity Activation Range: An 32 / Mo 32 / Mi 16 / Tiv true
[22:34:14] [Server thread/INFO]: Mob Spawn Range: 4
[22:34:14] [Server thread/INFO]: Structure Info Saving: true
[22:34:14] [Server thread/INFO]: Hopper Transfer: 8 Hopper Check: 1 Hopper Amount: 1
[22:34:14] [Server thread/INFO]: Entity Tracking Range: Pl 48 / An 48 / Mo 48 / Mi 32 / Other 64
[22:34:14] [Server thread/INFO]: Random Lighting Updates: false
[22:34:14] [Server thread/INFO]: Max TNT Explosions: 100
[22:34:14] [Server thread/INFO]: Tile Max Tick Time: 50ms Entity max Tick Time: 50ms
[22:34:15] [Server thread/INFO]: -------- World Settings For [..\rlcraft\saves\Hell\hell_nether] --------
[22:34:15] [Server thread/INFO]: Item Despawn Rate: 6000
[22:34:15] [Server thread/INFO]: Item Merge Radius: 2.5
[22:34:15] [Server thread/INFO]: View Distance: 6
[22:34:15] [Server thread/INFO]: Arrow Despawn Rate: 1200
[22:34:15] [Server thread/INFO]: Allow Zombie Pigmen to spawn from portal blocks: true
[22:34:15] [Server thread/INFO]: Zombie Aggressive Towards Villager: true
[22:34:15] [Server thread/INFO]: Nerfing mobs spawned from spawners: false
[22:34:15] [Server thread/INFO]: Custom Map Seeds:  Village: 10387312 Feature: 14357617 Monument: 10387313 Slime: 987234911
[22:34:15] [Server thread/INFO]: Experience Merge Radius: 3.0
[22:34:15] [Server thread/INFO]: Cactus Growth Modifier: 100%
[22:34:15] [Server thread/INFO]: Cane Growth Modifier: 100%
[22:34:15] [Server thread/INFO]: Melon Growth Modifier: 100%
[22:34:15] [Server thread/INFO]: Mushroom Growth Modifier: 100%
[22:34:15] [Server thread/INFO]: Pumpkin Growth Modifier: 100%
[22:34:15] [Server thread/INFO]: Sapling Growth Modifier: 100%
[22:34:15] [Server thread/INFO]: Wheat Growth Modifier: 100%
[22:34:15] [Server thread/INFO]: NetherWart Growth Modifier: 100%
[22:34:15] [Server thread/INFO]: Vine Growth Modifier: 100%
[22:34:15] [Server thread/INFO]: Cocoa Growth Modifier: 100%
[22:34:15] [Server thread/INFO]: Entity Activation Range: An 32 / Mo 32 / Mi 16 / Tiv true
[22:34:15] [Server thread/INFO]: Mob Spawn Range: 4
[22:34:15] [Server thread/INFO]: Structure Info Saving: true
[22:34:15] [Server thread/INFO]: Hopper Transfer: 8 Hopper Check: 1 Hopper Amount: 1
[22:34:15] [Server thread/INFO]: Entity Tracking Range: Pl 48 / An 48 / Mo 48 / Mi 32 / Other 64
[22:34:15] [Server thread/INFO]: Random Lighting Updates: false
[22:34:15] [Server thread/INFO]: Max TNT Explosions: 100
[22:34:15] [Server thread/INFO]: Tile Max Tick Time: 50ms Entity max Tick Time: 50ms
[22:34:15] [Server thread/INFO]: -------- World Settings For [..\rlcraft\saves\Hell\hell_the_end] --------
[22:34:15] [Server thread/INFO]: Item Despawn Rate: 6000
[22:34:15] [Server thread/INFO]: Item Merge Radius: 2.5
[22:34:15] [Server thread/INFO]: View Distance: 6
[22:34:15] [Server thread/INFO]: Arrow Despawn Rate: 1200
[22:34:15] [Server thread/INFO]: Allow Zombie Pigmen to spawn from portal blocks: true
[22:34:15] [Server thread/INFO]: Zombie Aggressive Towards Villager: true
[22:34:15] [Server thread/INFO]: Nerfing mobs spawned from spawners: false
[22:34:15] [Server thread/INFO]: Custom Map Seeds:  Village: 10387312 Feature: 14357617 Monument: 10387313 Slime: 987234911
[22:34:15] [Server thread/INFO]: Experience Merge Radius: 3.0
[22:34:15] [Server thread/INFO]: Cactus Growth Modifier: 100%
[22:34:15] [Server thread/INFO]: Cane Growth Modifier: 100%
[22:34:15] [Server thread/INFO]: Melon Growth Modifier: 100%
[22:34:15] [Server thread/INFO]: Mushroom Growth Modifier: 100%
[22:34:15] [Server thread/INFO]: Pumpkin Growth Modifier: 100%
[22:34:15] [Server thread/INFO]: Sapling Growth Modifier: 100%
[22:34:15] [Server thread/INFO]: Wheat Growth Modifier: 100%
[22:34:15] [Server thread/INFO]: NetherWart Growth Modifier: 100%
[22:34:15] [Server thread/INFO]: Vine Growth Modifier: 100%
[22:34:15] [Server thread/INFO]: Cocoa Growth Modifier: 100%
[22:34:15] [Server thread/INFO]: Entity Activation Range: An 32 / Mo 32 / Mi 16 / Tiv true
[22:34:15] [Server thread/INFO]: Mob Spawn Range: 4
[22:34:15] [Server thread/INFO]: Structure Info Saving: true
[22:34:15] [Server thread/INFO]: Hopper Transfer: 8 Hopper Check: 1 Hopper Amount: 1
[22:34:15] [Server thread/INFO]: Entity Tracking Range: Pl 48 / An 48 / Mo 48 / Mi 32 / Other 64
[22:34:15] [Server thread/INFO]: Random Lighting Updates: false
[22:34:15] [Server thread/INFO]: Max TNT Explosions: 100
[22:34:15] [Server thread/INFO]: Tile Max Tick Time: 50ms Entity max Tick Time: 50ms
[22:34:15] [Server thread/INFO]: Preparing start region for level 0 (Seed: -8313991832286266315)
[22:34:16] [Server thread/INFO]: Preparing spawn area: 5%
[22:34:17] [Server thread/INFO]: Preparing spawn area: 13%
[22:34:18] [Server thread/INFO]: Preparing start region for level 1 (Seed: -8313991832286266315)
[22:34:19] [Server thread/INFO]: Preparing spawn area: 20%
[22:34:19] [Server thread/INFO]: Preparing start region for level 2 (Seed: -8313991832286266315)
[22:34:20] [Server thread/INFO]: Done (5.408s)! For help, type "help" or "?"
[22:34:20] [Server thread/INFO]: Timings Reset
[22:34:40] [User Authenticator #1/INFO]: UUID of player CrunchBerryKid28 is 4f677124-e8f4-4f24-8e70-6d3791d69f50
[22:34:40] [Server thread/INFO]: CrunchBerryKid28[REDACTED] logged in with entity id 377 at ([..\rlcraft\saves\Hell\hell]97.5, 69.0, 259.5)
[22:34:58] [Server thread/INFO]: CrunchBerryKid28 lost connection: Disconnected
[22:34:58] [Server thread/INFO]: CrunchBerryKid28 left the game
[22:35:04] [Server thread/INFO]: Stopping the server
[22:35:04] [Server thread/INFO]: Stopping server
[22:35:04] [Server thread/INFO]: Saving players
[22:35:04] [Server thread/INFO]: Saving worlds
[22:35:04] [Server thread/INFO]: Saving chunks for level '..\rlcraft\saves\Hell\hell'/overworld
[22:35:04] [Server thread/INFO]: Saving chunks for level '..\rlcraft\saves\Hell\hell_nether'/the_nether
[22:35:04] [Server thread/INFO]: Saving chunks for level '..\rlcraft\saves\Hell\hell_the_end'/the_end
